<?xml version="1.0" encoding="UTF-8"?>
<testng-results ignored="1" total="2" passed="1" failed="0" skipped="0">
  <reporter-output>
  </reporter-output>
  <suite started-at="2025-11-28T17:26:01 IST" name="Default suite" finished-at="2025-11-28T17:26:06 IST" duration-ms="5279">
    <groups>
      <group name="Smoke">
        <method signature="LoginPageTests.verifyValidLogin()[pri:1, instance:com.acs.vtigercrm.testscripts.LoginPageTests@2a5c8d3f]" name="verifyValidLogin" class="com.acs.vtigercrm.testscripts.LoginPageTests"/>
      </group> <!-- Smoke -->
    </groups>
    <test started-at="2025-11-28T17:26:01 IST" name="Default test" finished-at="2025-11-28T17:26:06 IST" duration-ms="5279">
      <class name="com.acs.vtigercrm.testscripts.LoginPageTests">
        <test-method is-config="true" signature="setupReport()[pri:0, instance:com.acs.vtigercrm.testscripts.LoginPageTests@2a5c8d3f]" started-at="2025-11-28T17:26:01 IST" name="setupReport" finished-at="2025-11-28T17:26:01 IST" duration-ms="126" status="PASS">
          <reporter-output>
          </reporter-output>
        </test-method> <!-- setupReport -->
        <test-method is-config="true" signature="launchBrowser()[pri:0, instance:com.acs.vtigercrm.testscripts.LoginPageTests@2a5c8d3f]" started-at="2025-11-28T17:26:01 IST" name="launchBrowser" finished-at="2025-11-28T17:26:04 IST" duration-ms="3344" status="PASS">
          <reporter-output>
          </reporter-output>
        </test-method> <!-- launchBrowser -->
        <test-method is-config="true" signature="startTest(java.lang.reflect.Method)[pri:0, instance:com.acs.vtigercrm.testscripts.LoginPageTests@2a5c8d3f]" started-at="2025-11-28T17:26:04 IST" name="startTest" finished-at="2025-11-28T17:26:04 IST" duration-ms="5" status="PASS">
          <params>
            <param index="0">
              <value>
                <![CDATA[public void com.acs.vtigercrm.testscripts.LoginPageTests.verifyValidLogin()]]>
              </value>
            </param>
          </params>
          <reporter-output>
          </reporter-output>
        </test-method> <!-- startTest -->
        <test-method signature="verifyValidLogin()[pri:1, instance:com.acs.vtigercrm.testscripts.LoginPageTests@2a5c8d3f]" started-at="2025-11-28T17:26:04 IST" name="verifyValidLogin" finished-at="2025-11-28T17:26:06 IST" duration-ms="1598" status="PASS">
          <reporter-output>
          </reporter-output>
        </test-method> <!-- verifyValidLogin -->
        <test-method is-config="true" signature="afterEachTest()[pri:0, instance:com.acs.vtigercrm.testscripts.LoginPageTests@2a5c8d3f]" started-at="2025-11-28T17:26:06 IST" name="afterEachTest" finished-at="2025-11-28T17:26:06 IST" duration-ms="29" status="PASS">
          <reporter-output>
          </reporter-output>
        </test-method> <!-- afterEachTest -->
        <test-method is-config="true" signature="tearDownBrowser()[pri:0, instance:com.acs.vtigercrm.testscripts.LoginPageTests@2a5c8d3f]" started-at="2025-11-28T17:26:06 IST" name="tearDownBrowser" finished-at="2025-11-28T17:26:06 IST" duration-ms="281" status="PASS">
          <reporter-output>
          </reporter-output>
        </test-method> <!-- tearDownBrowser -->
        <test-method is-config="true" signature="tearDownReport()[pri:0, instance:com.acs.vtigercrm.testscripts.LoginPageTests@2a5c8d3f]" started-at="2025-11-28T17:26:06 IST" name="tearDownReport" finished-at="2025-11-28T17:26:06 IST" duration-ms="182" status="PASS">
          <reporter-output>
          </reporter-output>
        </test-method> <!-- tearDownReport -->
      </class> <!-- com.acs.vtigercrm.testscripts.LoginPageTests -->
    </test> <!-- Default test -->
  </suite> <!-- Default suite -->
</testng-results>
