<?xml version="1.0" encoding="UTF-8"?>
<!-- Generated by org.testng.reporters.JUnitXMLReporter -->
<testsuite ignored="4" hostname="DESKTOP-8CPSMTU" failures="0" tests="1" name="vtigercrm Testing on chrome" time="16.356" errors="0" timestamp="2025-10-08T12:32:28 IST">
  <testcase classname="com.acs.vtigercrm.testscripts.LeadsPageAutomationScripts" name="testLeadCreationWithRequiredFieldsOnly" time="7.303"/>
  <testcase classname="com.acs.vtigercrm.testscripts.LeadsPageAutomationScripts" name="testLeadCreationWithRequiredFieldsOnlyFour" time="0.0">
    <ignored/>
  </testcase> <!-- testLeadCreationWithRequiredFieldsOnlyFour -->
  <testcase classname="com.acs.vtigercrm.testscripts.LeadsPageAutomationScripts" name="testLeadCreationWithRequiredFieldsOnlyThree" time="0.0">
    <ignored/>
  </testcase> <!-- testLeadCreationWithRequiredFieldsOnlyThree -->
  <testcase classname="com.acs.vtigercrm.testscripts.LeadsPageAutomationScripts" name="testLeadCreationWithRequiredFieldsOnlyTwo" time="0.0">
    <ignored/>
  </testcase> <!-- testLeadCreationWithRequiredFieldsOnlyTwo -->
  <testcase classname="com.acs.vtigercrm.testscripts.LeadsPageAutomationScripts" name="varifyInvailidLogin" time="0.0">
    <ignored/>
  </testcase> <!-- varifyInvailidLogin -->
</testsuite> <!-- vtigercrm Testing on chrome -->
