<?xml version="1.0" encoding="UTF-8"?>
<!-- Generated by org.testng.reporters.JUnitReportReporter -->
<testsuite hostname="DESKTOP-8CPSMTU" failures="0" tests="1" name="com.acs.vtigercrm.testscripts.LeadsPageAutomationScripts" time="16.319" errors="0" timestamp="2025-10-08T12:32:28 IST" skipped="0">
  <testcase classname="com.acs.vtigercrm.testscripts.LeadsPageAutomationScripts" name="testLeadCreationWithRequiredFieldsOnly" time="16.319"/>
</testsuite> <!-- com.acs.vtigercrm.testscripts.LeadsPageAutomationScripts -->
